22:28:40 **** Incremental Build of configuration Nios II for project nios_alarm ****
make all 
Info: Building ../nios_alarm_bsp/
C:/intelFPGA_lite/18.1/nios2eds/bin/gnu/H-x86_64-mingw32/bin/make --no-print-directory -C ../nios_alarm_bsp/
[BSP build complete]
Info: Compiling main.c to obj/default/main.o
nios2-elf-gcc -xc -MP -MMD -c -I../nios_alarm_bsp//HAL/inc -I../nios_alarm_bsp/ -I../nios_alarm_bsp//drivers/inc  -pipe -D__hal__ -DALT_NO_C_PLUS_PLUS -DALT_NO_CLEAN_EXIT -D'exit(a)=_exit(a)' -DALT_NO_EXIT -DALT_USE_DIRECT_DRIVERS -DALT_NO_INSTRUCTION_EMULATION -DALT_USE_SMALL_DRIVERS -DSMALL_C_LIB -DALT_SINGLE_THREADED    -Os -g -Wall   -mno-hw-div -mno-hw-mul -mno-hw-mulx -mgpopt=global  -o obj/default/main.o main.c
Info: Compiling timer.c to obj/default/timer.o
nios2-elf-gcc -xc -MP -MMD -c -I../nios_alarm_bsp//HAL/inc -I../nios_alarm_bsp/ -I../nios_alarm_bsp//drivers/inc  -pipe -D__hal__ -DALT_NO_C_PLUS_PLUS -DALT_NO_CLEAN_EXIT -D'exit(a)=_exit(a)' -DALT_NO_EXIT -DALT_USE_DIRECT_DRIVERS -DALT_NO_INSTRUCTION_EMULATION -DALT_USE_SMALL_DRIVERS -DSMALL_C_LIB -DALT_SINGLE_THREADED    -Os -g -Wall   -mno-hw-div -mno-hw-mul -mno-hw-mulx -mgpopt=global  -o obj/default/timer.o timer.c
Info: Compiling utils.c to obj/default/utils.o
nios2-elf-gcc -xc -MP -MMD -c -I../nios_alarm_bsp//HAL/inc -I../nios_alarm_bsp/ -I../nios_alarm_bsp//drivers/inc  -pipe -D__hal__ -DALT_NO_C_PLUS_PLUS -DALT_NO_CLEAN_EXIT -D'exit(a)=_exit(a)' -DALT_NO_EXIT -DALT_USE_DIRECT_DRIVERS -DALT_NO_INSTRUCTION_EMULATION -DALT_USE_SMALL_DRIVERS -DSMALL_C_LIB -DALT_SINGLE_THREADED    -Os -g -Wall   -mno-hw-div -mno-hw-mul -mno-hw-mulx -mgpopt=global  -o obj/default/utils.o utils.c
Info: Linking nios_alarm.elf
nios2-elf-g++  -T'../nios_alarm_bsp//linker.x' -msys-crt0='../nios_alarm_bsp//obj/HAL/src/crt0.o' -msys-lib=hal_bsp -L../nios_alarm_bsp/  -msmallc  -Wl,-Map=nios_alarm.map   -Os -g -Wall   -mno-hw-div -mno-hw-mul -mno-hw-mulx -mgpopt=global  -o nios_alarm.elf obj/default/main.o obj/default/timer.o obj/default/utils.o -lm -msys-lib=m
nios2-elf-insert nios_alarm.elf --thread_model hal --cpu_name nios2_gen2_0 --qsys true --simulation_enabled false --stderr_dev none --stdin_dev none --stdout_dev none --sopc_system_name NIOS_PLATFORM --quartus_project_dir "C:/Users/lobok/Documents/Principios_Sistemas_Operativos/Tarea_1/alarm_clock_system" --jdi ../..//output_files/nios_alarm.jdi --sopcinfo C:/Users/lobok/Documents/Principios_Sistemas_Operativos/Tarea_1/alarm_clock_system/software/nios_alarm_bsp/../../NIOS_PLATFORM.sopcinfo
Info: (nios_alarm.elf) 2520 Bytes program size (code + initialized data).
Info:                  1776 Bytes free for stack + heap.
Info: Creating nios_alarm.objdump
nios2-elf-objdump --disassemble --syms --all-header --source nios_alarm.elf >nios_alarm.objdump
[nios_alarm build complete]
23:01:56 **** Incremental Build of configuration Nios II for project nios_alarm ****
make all 
Info: Building ../nios_alarm_bsp/
C:/intelFPGA_lite/18.1/nios2eds/bin/gnu/H-x86_64-mingw32/bin/make --no-print-directory -C ../nios_alarm_bsp/
[BSP build complete]
Info: Compiling main.c to obj/default/main.o
nios2-elf-gcc -xc -MP -MMD -c -I../nios_alarm_bsp//HAL/inc -I../nios_alarm_bsp/ -I../nios_alarm_bsp//drivers/inc  -pipe -D__hal__ -DALT_NO_C_PLUS_PLUS -DALT_NO_CLEAN_EXIT -D'exit(a)=_exit(a)' -DALT_NO_EXIT -DALT_USE_DIRECT_DRIVERS -DALT_NO_INSTRUCTION_EMULATION -DALT_USE_SMALL_DRIVERS -DSMALL_C_LIB -DALT_SINGLE_THREADED    -Os -g -Wall   -mno-hw-div -mno-hw-mul -mno-hw-mulx -mgpopt=global  -o obj/default/main.o main.c
Info: Compiling timer.c to obj/default/timer.o
nios2-elf-gcc -xc -MP -MMD -c -I../nios_alarm_bsp//HAL/inc -I../nios_alarm_bsp/ -I../nios_alarm_bsp//drivers/inc  -pipe -D__hal__ -DALT_NO_C_PLUS_PLUS -DALT_NO_CLEAN_EXIT -D'exit(a)=_exit(a)' -DALT_NO_EXIT -DALT_USE_DIRECT_DRIVERS -DALT_NO_INSTRUCTION_EMULATION -DALT_USE_SMALL_DRIVERS -DSMALL_C_LIB -DALT_SINGLE_THREADED    -Os -g -Wall   -mno-hw-div -mno-hw-mul -mno-hw-mulx -mgpopt=global  -o obj/default/timer.o timer.c
Info: Linking nios_alarm.elf
nios2-elf-g++  -T'../nios_alarm_bsp//linker.x' -msys-crt0='../nios_alarm_bsp//obj/HAL/src/crt0.o' -msys-lib=hal_bsp -L../nios_alarm_bsp/  -msmallc  -Wl,-Map=nios_alarm.map   -Os -g -Wall   -mno-hw-div -mno-hw-mul -mno-hw-mulx -mgpopt=global  -o nios_alarm.elf obj/default/main.o obj/default/timer.o obj/default/utils.o -lm -msys-lib=m
nios2-elf-insert nios_alarm.elf --thread_model hal --cpu_name nios2_gen2_0 --qsys true --simulation_enabled false --stderr_dev none --stdin_dev none --stdout_dev none --sopc_system_name NIOS_PLATFORM --quartus_project_dir "C:/Users/lobok/Documents/Principios_Sistemas_Operativos/Tarea_1/alarm_clock_system" --jdi ../..//output_files/nios_alarm.jdi --sopcinfo C:/Users/lobok/Documents/Principios_Sistemas_Operativos/Tarea_1/alarm_clock_system/software/nios_alarm_bsp/../../NIOS_PLATFORM.sopcinfo
Info: (nios_alarm.elf) 2516 Bytes program size (code + initialized data).
Info:                  1776 Bytes free for stack + heap.
Info: Creating nios_alarm.objdump
nios2-elf-objdump --disassemble --syms --all-header --source nios_alarm.elf >nios_alarm.objdump
[nios_alarm build complete]
23:02:14 **** Incremental Build of configuration Nios II for project nios_alarm ****
make all 
Info: Building ../nios_alarm_bsp/
C:/intelFPGA_lite/18.1/nios2eds/bin/gnu/H-x86_64-mingw32/bin/make --no-print-directory -C ../nios_alarm_bsp/
[BSP build complete]
[nios_alarm build complete]
23:02:14 **** Incremental Build of configuration Nios II for project nios_alarm_bsp ****
make all 
[BSP build complete]
